readelf: Warning: Section '.bss' was not dumped because it does not exist!
readelf: Warning: Section '.rodata.cst8' was not dumped because it does not exist!
readelf: Warning: Section '.data' was not dumped because it does not exist!
readelf: Warning: Section '.rodata.str1.8' was not dumped because it does not exist!
readelf: Warning: Section '.rodata' was not dumped because it does not exist!
File /tmp/objdump-trace.txt open error with error number 24.
File /tmp/objdump-trace.txt open error with error number 24.
File /tmp/objdump-trace.txt open error with error number 24.
File /tmp/objdump-trace.txt open error with error number 24.
File /tmp/objdump-trace.txt open error with error number 24.
File /tmp/objdump-trace.txt open error with error number 24.
File /tmp/objdump-trace.txt open error with error number 24.
File /tmp/objdump-trace.txt open error with error number 24.
File /tmp/objdump-trace.txt open error with error number 24.
File /tmp/objdump-trace.txt open error with error number 24.
File /tmp/objdump-trace.txt open error with error number 24.
File /tmp/objdump-trace.txt open error with error number 24.
File /tmp/objdump-trace.txt open error with error number 24.
File /tmp/objdump-trace.txt open error with error number 24.
File /tmp/objdump-trace.txt open error with error number 24.
File /tmp/objdump-trace.txt open error with error number 24.
File /tmp/objdump-trace.txt open error with error number 24.
File /tmp/objdump-trace.txt open error with error number 24.
File /tmp/objdump-trace.txt open error with error number 24.
File /tmp/objdump-trace.txt open error with error number 24.
File /tmp/objdump-trace.txt open error with error number 24.
File /tmp/objdump-trace.txt open error with error number 24.
File /tmp/objdump-trace.txt open error with error number 24.
File /tmp/objdump-trace.txt open error with error number 24.
File /tmp/objdump-trace.txt open error with error number 24.
File /tmp/objdump-trace.txt open error with error number 24.
File /tmp/objdump-trace.txt open error with error number 24.
File /tmp/objdump-trace.txt open error with error number 24.
File /tmp/objdump-trace.txt open error with error number 24.
File /tmp/objdump-trace.txt open error with error number 24.
File /tmp/objdump-trace.txt open error with error number 24.
File /tmp/objdump-trace.txt open error with error number 24.
File /tmp/objdump-trace.txt open error with error number 24.
File /tmp/objdump-trace.txt open error with error number 24.
File /tmp/objdump-trace.txt open error with error number 24.
File /tmp/objdump-trace.txt open error with error number 24.
File /tmp/objdump-trace.txt open error with error number 24.
File /tmp/objdump-trace.txt open error with error number 24.
File /tmp/objdump-trace.txt open error with error number 24.
File /tmp/objdump-trace.txt open error with error number 24.
File /tmp/objdump-trace.txt open error with error number 24.
File /tmp/objdump-trace.txt open error with error number 24.
File /tmp/objdump-trace.txt open error with error number 24.
File /tmp/objdump-trace.txt open error with error number 24.
File /tmp/objdump-trace.txt open error with error number 24.
File /tmp/objdump-trace.txt open error with error number 24.
File /tmp/objdump-trace.txt open error with error number 24.
File /tmp/objdump-trace.txt open error with error number 24.
File /tmp/objdump-trace.txt open error with error number 24.
File /tmp/objdump-trace.txt open error with error number 24.
File /tmp/objdump-trace.txt open error with error number 24.
File /tmp/objdump-trace.txt open error with error number 24.
File /tmp/objdump-trace.txt open error with error number 24.
File /tmp/objdump-trace.txt open error with error number 24.
File /tmp/objdump-trace.txt open error with error number 24.
File /tmp/objdump-trace.txt open error with error number 24.
File /tmp/objdump-trace.txt open error with error number 24.
File /tmp/objdump-trace.txt open error with error number 24.
File /tmp/objdump-trace.txt open error with error number 24.
File /tmp/objdump-trace.txt open error with error number 24.
File /tmp/objdump-trace.txt open error with error number 24.
File /tmp/objdump-trace.txt open error with error number 24.
File /tmp/objdump-trace.txt open error with error number 24.
File /tmp/objdump-trace.txt open error with error number 24.
File /tmp/objdump-trace.txt open error with error number 24.
File /tmp/objdump-trace.txt open error with error number 24.
File /tmp/objdump-trace.txt open error with error number 24.
File /tmp/objdump-trace.txt open error with error number 24.
File /tmp/objdump-trace.txt open error with error number 24.
File /tmp/objdump-trace.txt open error with error number 24.
File /tmp/objdump-trace.txt open error with error number 24.
File /tmp/objdump-trace.txt open error with error number 24.
File /tmp/objdump-trace.txt open error with error number 24.
File /tmp/objdump-trace.txt open error with error number 24.
File /tmp/objdump-trace.txt open error with error number 24.
File /tmp/objdump-trace.txt open error with error number 24.
File /tmp/objdump-trace.txt open error with error number 24.
File /tmp/objdump-trace.txt open error with error number 24.
File /tmp/objdump-trace.txt open error with error number 24.
File /tmp/objdump-trace.txt open error with error number 24.
File /tmp/objdump-trace.txt open error with error number 24.
File /tmp/objdump-trace.txt open error with error number 24.
File /tmp/objdump-trace.txt open error with error number 24.
File /tmp/objdump-trace.txt open error with error number 24.
File /tmp/objdump-trace.txt open error with error number 24.
File /tmp/objdump-trace.txt open error with error number 24.
File /tmp/objdump-trace.txt open error with error number 24.
File /tmp/objdump-trace.txt open error with error number 24.
File /tmp/objdump-trace.txt open error with error number 24.
File /tmp/objdump-trace.txt open error with error number 24.
File /tmp/objdump-trace.txt open error with error number 24.
File /tmp/objdump-trace.txt open error with error number 24.
File /tmp/objdump-trace.txt open error with error number 24.
File /tmp/objdump-trace.txt open error with error number 24.
File /tmp/objdump-trace.txt open error with error number 24.
File /tmp/objdump-trace.txt open error with error number 24.
File /tmp/objdump-trace.txt open error with error number 24.
File /tmp/objdump-trace.txt open error with error number 24.
File /tmp/objdump-trace.txt open error with error number 24.
File /tmp/objdump-trace.txt open error with error number 24.
File /tmp/objdump-trace.txt open error with error number 24.
File /tmp/objdump-trace.txt open error with error number 24.
File /tmp/objdump-trace.txt open error with error number 24.
File /tmp/objdump-trace.txt open error with error number 24.
File /tmp/objdump-trace.txt open error with error number 24.
File /tmp/objdump-trace.txt open error with error number 24.
File /tmp/objdump-trace.txt open error with error number 24.
File /tmp/objdump-trace.txt open error with error number 24.
File /tmp/objdump-trace.txt open error with error number 24.
File /tmp/objdump-trace.txt open error with error number 24.
File /tmp/objdump-trace.txt open error with error number 24.
File /tmp/objdump-trace.txt open error with error number 24.
File /tmp/objdump-trace.txt open error with error number 24.
File /tmp/objdump-trace.txt open error with error number 24.
File /tmp/objdump-trace.txt open error with error number 24.
File /tmp/objdump-trace.txt open error with error number 24.
File /tmp/objdump-trace.txt open error with error number 24.
File /tmp/objdump-trace.txt open error with error number 24.
File /tmp/objdump-trace.txt open error with error number 24.
File /tmp/objdump-trace.txt open error with error number 24.
File /tmp/objdump-trace.txt open error with error number 24.
File /tmp/objdump-trace.txt open error with error number 24.
File /tmp/objdump-trace.txt open error with error number 24.
File /tmp/objdump-trace.txt open error with error number 24.
File /tmp/objdump-trace.txt open error with error number 24.
File /tmp/objdump-trace.txt open error with error number 24.
File /tmp/objdump-trace.txt open error with error number 24.
File /tmp/objdump-trace.txt open error with error number 24.
File /tmp/objdump-trace.txt open error with error number 24.
File /tmp/objdump-trace.txt open error with error number 24.
File /tmp/objdump-trace.txt open error with error number 24.
File /tmp/objdump-trace.txt open error with error number 24.
File /tmp/objdump-trace.txt open error with error number 24.
File /tmp/objdump-trace.txt open error with error number 24.
File /tmp/objdump-trace.txt open error with error number 24.
File /tmp/objdump-trace.txt open error with error number 24.
File /tmp/objdump-trace.txt open error with error number 24.
File /tmp/objdump-trace.txt open error with error number 24.
File /tmp/objdump-trace.txt open error with error number 24.
File /tmp/objdump-trace.txt open error with error number 24.
File /tmp/objdump-trace.txt open error with error number 24.
File /tmp/objdump-trace.txt open error with error number 24.
File /tmp/objdump-trace.txt open error with error number 24.
File /tmp/objdump-trace.txt open error with error number 24.
File /tmp/objdump-trace.txt open error with error number 24.
File /tmp/objdump-trace.txt open error with error number 24.
File /tmp/objdump-trace.txt open error with error number 24.
File /tmp/objdump-trace.txt open error with error number 24.
File /tmp/objdump-trace.txt open error with error number 24.
File /tmp/objdump-trace.txt open error with error number 24.
File /tmp/objdump-trace.txt open error with error number 24.
File /tmp/objdump-trace.txt open error with error number 24.
File /tmp/objdump-trace.txt open error with error number 24.
File /tmp/objdump-trace.txt open error with error number 24.
File /tmp/objdump-trace.txt open error with error number 24.
File /tmp/objdump-trace.txt open error with error number 24.
File /tmp/objdump-trace.txt open error with error number 24.
File /tmp/objdump-trace.txt open error with error number 24.
File /tmp/objdump-trace.txt open error with error number 24.
File /tmp/objdump-trace.txt open error with error number 24.
File /tmp/objdump-trace.txt open error with error number 24.
File /tmp/objdump-trace.txt open error with error number 24.
File /tmp/objdump-trace.txt open error with error number 24.
File /tmp/objdump-trace.txt open error with error number 24.
File /tmp/objdump-trace.txt open error with error number 24.
File /tmp/objdump-trace.txt open error with error number 24.
File /tmp/objdump-trace.txt open error with error number 24.
File /tmp/objdump-trace.txt open error with error number 24.
File /tmp/objdump-trace.txt open error with error number 24.
File /tmp/objdump-trace.txt open error with error number 24.
File /tmp/objdump-trace.txt open error with error number 24.
File /tmp/objdump-trace.txt open error with error number 24.
File /tmp/objdump-trace.txt open error with error number 24.
File /tmp/objdump-trace.txt open error with error number 24.
File /tmp/objdump-trace.txt open error with error number 24.
File /tmp/objdump-trace.txt open error with error number 24.
File /tmp/objdump-trace.txt open error with error number 24.
File /tmp/objdump-trace.txt open error with error number 24.
File /tmp/objdump-trace.txt open error with error number 24.
File /tmp/objdump-trace.txt open error with error number 24.
File /tmp/objdump-trace.txt open error with error number 24.
File /tmp/objdump-trace.txt open error with error number 24.
File /tmp/objdump-trace.txt open error with error number 24.
File /tmp/objdump-trace.txt open error with error number 24.
File /tmp/objdump-trace.txt open error with error number 24.
File /tmp/objdump-trace.txt open error with error number 24.
File /tmp/objdump-trace.txt open error with error number 24.
File /tmp/objdump-trace.txt open error with error number 24.
File /tmp/objdump-trace.txt open error with error number 24.
File /tmp/objdump-trace.txt open error with error number 24.
File /tmp/objdump-trace.txt open error with error number 24.
File /tmp/objdump-trace.txt open error with error number 24.
File /tmp/objdump-trace.txt open error with error number 24.
File /tmp/objdump-trace.txt open error with error number 24.
File /tmp/objdump-trace.txt open error with error number 24.
File /tmp/objdump-trace.txt open error with error number 24.
File /tmp/objdump-trace.txt open error with error number 24.
File /tmp/objdump-trace.txt open error with error number 24.
File /tmp/objdump-trace.txt open error with error number 24.
File /tmp/objdump-trace.txt open error with error number 24.
File /tmp/objdump-trace.txt open error with error number 24.
File /tmp/objdump-trace.txt open error with error number 24.
File /tmp/objdump-trace.txt open error with error number 24.
File /tmp/objdump-trace.txt open error with error number 24.
File /tmp/objdump-trace.txt open error with error number 24.
File /tmp/objdump-trace.txt open error with error number 24.
File /tmp/objdump-trace.txt open error with error number 24.
File /tmp/objdump-trace.txt open error with error number 24.
File /tmp/objdump-trace.txt open error with error number 24.
File /tmp/objdump-trace.txt open error with error number 24.
File /tmp/objdump-trace.txt open error with error number 24.
File /tmp/objdump-trace.txt open error with error number 24.
File /tmp/objdump-trace.txt open error with error number 24.
File /tmp/objdump-trace.txt open error with error number 24.
File /tmp/objdump-trace.txt open error with error number 24.
File /tmp/objdump-trace.txt open error with error number 24.
File /tmp/objdump-trace.txt open error with error number 24.
File /tmp/objdump-trace.txt open error with error number 24.
File /tmp/objdump-trace.txt open error with error number 24.
File /tmp/objdump-trace.txt open error with error number 24.
File /tmp/objdump-trace.txt open error with error number 24.
File /tmp/objdump-trace.txt open error with error number 24.
File /tmp/objdump-trace.txt open error with error number 24.
File /tmp/objdump-trace.txt open error with error number 24.
File /tmp/objdump-trace.txt open error with error number 24.
File /tmp/objdump-trace.txt open error with error number 24.
File /tmp/objdump-trace.txt open error with error number 24.
File /tmp/objdump-trace.txt open error with error number 24.
File /tmp/objdump-trace.txt open error with error number 24.
File /tmp/objdump-trace.txt open error with error number 24.
File /tmp/objdump-trace.txt open error with error number 24.
File /tmp/objdump-trace.txt open error with error number 24.
File /tmp/objdump-trace.txt open error with error number 24.
File /tmp/objdump-trace.txt open error with error number 24.
File /tmp/objdump-trace.txt open error with error number 24.
File /tmp/objdump-trace.txt open error with error number 24.
File /tmp/objdump-trace.txt open error with error number 24.
File /tmp/objdump-trace.txt open error with error number 24.
File /tmp/objdump-trace.txt open error with error number 24.
File /tmp/objdump-trace.txt open error with error number 24.
File /tmp/objdump-trace.txt open error with error number 24.
File /tmp/objdump-trace.txt open error with error number 24.
File /tmp/objdump-trace.txt open error with error number 24.
File /tmp/objdump-trace.txt open error with error number 24.
File /tmp/objdump-trace.txt open error with error number 24.
File /tmp/objdump-trace.txt open error with error number 24.
File /tmp/objdump-trace.txt open error with error number 24.
File /tmp/objdump-trace.txt open error with error number 24.
File /tmp/objdump-trace.txt open error with error number 24.
File /tmp/objdump-trace.txt open error with error number 24.
File /tmp/objdump-trace.txt open error with error number 24.
File /tmp/objdump-trace.txt open error with error number 24.
File /tmp/objdump-trace.txt open error with error number 24.
File /tmp/objdump-trace.txt open error with error number 24.
File /tmp/objdump-trace.txt open error with error number 24.
File /tmp/objdump-trace.txt open error with error number 24.
readelf: Warning: Section '.bss' was not dumped because it does not exist!
readelf: Warning: Section '.rodata' was not dumped because it does not exist!
readelf: Warning: Section '.data' was not dumped because it does not exist!
