\BOOKMARK [0][-]{chapter.1}{The ISA Specification from IITB}{}% 1
\BOOKMARK [1][-]{section.1.1}{Overview}{chapter.1}% 2
\BOOKMARK [1][-]{section.1.2}{ISA Extensions}{chapter.1}% 3
\BOOKMARK [2][-]{subsection.1.2.1}{Integer-Unit Extensions: Arithmetic-Logic Instructions}{section.1.2}% 4
\BOOKMARK [2][-]{subsection.1.2.2}{Integer-Unit Extensions: SIMD Instructions}{section.1.2}% 5
\BOOKMARK [2][-]{subsection.1.2.3}{Integer-Unit Extensions: SIMD Instructions II}{section.1.2}% 6
\BOOKMARK [2][-]{subsection.1.2.4}{Vector Floating Point Instructions}{section.1.2}% 7
\BOOKMARK [2][-]{subsection.1.2.5}{CSWAP instructions}{section.1.2}% 8
\BOOKMARK [0][-]{chapter.2}{AJIT Support for the GNU Binutils Toolchain}{}% 9
\BOOKMARK [1][-]{section.2.1}{Towards a GNU Binutils Toolchain}{chapter.2}% 10
\BOOKMARK [2][-]{subsection.2.1.1}{Integer-Unit Extensions: Arithmetic-Logic Instructions}{section.2.1}% 11
\BOOKMARK [3][-]{subsubsection.2.1.1.1}{Addition and subtraction instructions:}{subsection.2.1.1}% 12
\BOOKMARK [3][-]{subsubsection.2.1.1.2}{Shift instructions:}{subsection.2.1.1}% 13
\BOOKMARK [3][-]{subsubsection.2.1.1.3}{Multiplication and division instructions:}{subsection.2.1.1}% 14
\BOOKMARK [3][-]{subsubsection.2.1.1.4}{64 Bit Logical Instructions:}{subsection.2.1.1}% 15
\BOOKMARK [3][-]{subsubsection.2.1.1.5}{Integer Unit Extensions Summary}{subsection.2.1.1}% 16
\BOOKMARK [2][-]{subsection.2.1.2}{Integer-Unit Extensions: SIMD Instructions}{section.2.1}% 17
\BOOKMARK [3][-]{subsubsection.2.1.2.1}{SIMD I instructions:}{subsection.2.1.2}% 18
\BOOKMARK [2][-]{subsection.2.1.3}{Integer-Unit Extensions: SIMD Instructions II}{section.2.1}% 19
\BOOKMARK [2][-]{subsection.2.1.4}{Vector Floating Point Instructions}{section.2.1}% 20
\BOOKMARK [2][-]{subsection.2.1.5}{CSWAP instructions}{section.2.1}% 21
\BOOKMARK [0][-]{chapter.3}{Towards Assembler Extraction}{}% 22
\BOOKMARK [1][-]{section.3.1}{Succinct ISA Descriptions}{chapter.3}% 23
\BOOKMARK [2][-]{subsection.3.1.1}{Instruction Set Design Study}{section.3.1}% 24
\BOOKMARK [3][-]{subsubsection.3.1.1.1}{Basic Concepts of Instruction Set Design}{subsection.3.1.1}% 25
\BOOKMARK [3][-]{subsubsection.3.1.1.2}{Some Examples of Instruction Set Design Languages}{subsection.3.1.1}% 26
\BOOKMARK [2][-]{subsection.3.1.2}{Instruction Set Description and Generation}{section.3.1}% 27
\BOOKMARK [3][-]{subsubsection.3.1.2.1}{Basic Elements of the Structure of an Instruction Set Language}{subsection.3.1.2}% 28
\BOOKMARK [2][-]{subsection.3.1.3}{Instruction Set Generation}{section.3.1}% 29
\BOOKMARK [3][-]{subsubsection.3.1.3.1}{Basic Elements of the ``Language'' to Describe the Instruction}{subsection.3.1.3}% 30
